v18.0
allel: 1.3.5


____SUMMARY STATISTICS___

Parameter file:        /home/rtournebize/gitdir/THOT/qian/Final.Avvaiyar/further/stats.spar
Input prefix:          /home/rtournebize/data/v54.1.1240K/unbinarized/v54.1_1240K_public
Output prefix:         /home/rtournebize/gitdir/THOT/qian/Final.Avvaiyar/further/obs/stats_aDNA/Bulgaria_BachoKiro_LatePleistocene_CC7335
Sequences to analyze:  1 2 3 4 5 6 7 8 9 10 11 12 13 14 15 16 17 18 19 20 21 22
YRI idx:               12726 12727 12728 12729 12730 12731 12732 12733 12734 12735 12736 12737 12738 12739 12740 12741 12742 12743 12744 12745 12746 12747 12748 12749
CEU idx:               12891
Vindija idx:           12643
Altai idx:             203
Ancestral idx:         210
Pseudodiploid for D:   NO
Seed:                  42
Calculating SEs:       True
Block length:          5000kb
Software directory:    /home/rtournebize/bin
Ascertained Fst:       False
Assume no NA:          False
Remove SNPs with NA:   True

[anc:=0] [na:=9]
_________________________________________________

   0.Index.IndFile  ...                                 Population
0            12891  ...  Bulgaria_BachoKiro_LatePleistocene_CC7335
1            12726  ...                                  Yoruba.DG
2            12727  ...                                  Yoruba.DG
3            12728  ...                                  Yoruba.DG
4            12729  ...                                  Yoruba.DG
5            12730  ...                                  Yoruba.DG
6            12731  ...                                  Yoruba.DG
7            12732  ...                                  Yoruba.DG
8            12733  ...                                  Yoruba.DG
9            12734  ...                                  Yoruba.DG
10           12735  ...                                  Yoruba.DG
11           12736  ...                                  Yoruba.DG
12           12737  ...                                  Yoruba.DG
13           12738  ...                                  Yoruba.DG
14           12739  ...                                  Yoruba.DG
15           12740  ...                                  Yoruba.DG
16           12741  ...                                  Yoruba.DG
17           12742  ...                                  Yoruba.DG
18           12743  ...                                  Yoruba.DG
19           12744  ...                                  Yoruba.DG
20           12745  ...                                  Yoruba.DG
21           12746  ...                                  Yoruba.DG
22           12747  ...                                  Yoruba.DG
23           12748  ...                                  Yoruba.DG
24           12749  ...                                  Yoruba.DG
25           12643  ...                     Vindija_Neanderthal.DG
26             203  ...                       Altai_Neanderthal.DG
27             210  ...                               Ancestor.REF

[28 rows x 3 columns]
_________________________________________________
Sequence lengths:
1: 249.21 Mbp
2: 243.04 Mbp
3: 197.84 Mbp
4: 190.9 Mbp
5: 180.69 Mbp
6: 170.91 Mbp
7: 159.12 Mbp
8: 146.3 Mbp
9: 141.04 Mbp
10: 135.43 Mbp
11: 134.94 Mbp
12: 133.84 Mbp
13: 115.1 Mbp
14: 107.29 Mbp
15: 102.4 Mbp
16: 90.15 Mbp
17: 81.04 Mbp
18: 78.02 Mbp
19: 59.09 Mbp
20: 62.91 Mbp
21: 48.1 Mbp
22: 51.18 Mbp
=========================
2878.54 Mbp (2878536972 bp)

Unit of genetic pos:   Morgans
Reading done.

Polarizing alleles according to ancestral reference:
   Removed:   15638   (1.4%)
   Polarized: 1135001   (98.6%)

Removing SNPs having missing genotypes:
   Removed:   471189   (41.5%)
   Retained:  663812   (58.5%)

Not subsetting sites.

Proportion of MAC-informed SNPs accepted:     75.9%
Nb diploids for AFS:   1
Block size (#SNPs):    1153
Number of blocks:      575

____F4-ratio____

____LD____
*** SINGLE-SAMPLE MODE ***
In this mode, the MAC-downsampling cannot be performed and was therefore set to NO.
Pseudodiploid for LD:             NO
MAC-sensitive SNP-downsampling:   NO
Start (cM):                       0.02
End (cM):                         1.0
Step (cM):                        0.001
Ascertainment mode:               Moorjani_0

____End____
Analyzed:   /home/rtournebize/data/v54.1.1240K/unbinarized/v54.1_1240K_public
Output:     /home/rtournebize/gitdir/THOT/qian/Final.Avvaiyar/further/obs/stats_aDNA/Bulgaria_BachoKiro_LatePleistocene_CC7335
1.2 min

