v18.0
allel: 1.3.5


____SUMMARY STATISTICS___

Parameter file:        /home/rtournebize/gitdir/THOT/qian/Final.Avvaiyar/further/stats.spar
Input prefix:          /home/rtournebize/data/v54.1.1240K/unbinarized/v54.1_1240K_public
Output prefix:         /home/rtournebize/gitdir/THOT/qian/Final.Avvaiyar/further/obs/stats_aDNA/French.DG
Sequences to analyze:  1 2 3 4 5 6 7 8 9 10 11 12 13 14 15 16 17 18 19 20 21 22
YRI idx:               12726 12727 12728 12729 12730 12731 12732 12733 12734 12735 12736 12737 12738 12739 12740 12741 12742 12743 12744 12745 12746 12747 12748 12749
CEU idx:               4161 4162 4163 4164 4165 4166 4167 4168 4169 4170 4171 4172 4173 4174 4175 4176 4177 4178 4179 4180 4181 4182 4183 4184 4185 4186 4187 4188
Vindija idx:           12643
Altai idx:             203
Ancestral idx:         210
Pseudodiploid for D:   NO
Seed:                  42
Calculating SEs:       True
Block length:          5000kb
Software directory:    /home/rtournebize/bin
Ascertained Fst:       False
Assume no NA:          False
Remove SNPs with NA:   True

[anc:=0] [na:=9]
_________________________________________________

   0.Index.IndFile   SampleName.IndFile              Population
0             4161        S_French-2.DG               French.DG
1             4162        S_French-1.DG               French.DG
2             4163        B_French-3.DG               French.DG
3             4164         HGDP00511.DG               French.DG
4             4165         HGDP00512.DG               French.DG
5             4166         HGDP00513.DG               French.DG
6             4167         HGDP00514.DG               French.DG
7             4168         HGDP00515.DG               French.DG
8             4169         HGDP00516.DG               French.DG
9             4170         HGDP00517.DG               French.DG
10            4171         HGDP00518.DG               French.DG
11            4172         HGDP00519.DG               French.DG
12            4173         HGDP00522.DG               French.DG
13            4174         HGDP00523.DG               French.DG
14            4175         HGDP00524.DG               French.DG
15            4176         HGDP00525.DG               French.DG
16            4177         HGDP00526.DG               French.DG
17            4178         HGDP00527.DG               French.DG
18            4179         HGDP00528.DG               French.DG
19            4180         HGDP00529.DG               French.DG
20            4181         HGDP00531.DG               French.DG
21            4182         HGDP00533.DG               French.DG
22            4183         HGDP00534.DG               French.DG
23            4184         HGDP00535.DG               French.DG
24            4185         HGDP00536.DG               French.DG
25            4186         HGDP00537.DG               French.DG
26            4187         HGDP00538.DG               French.DG
27            4188         HGDP00539.DG               French.DG
28           12726        S_Yoruba-1.DG               Yoruba.DG
29           12727        S_Yoruba-2.DG               Yoruba.DG
30           12728        B_Yoruba-3.DG               Yoruba.DG
31           12729         HGDP00920.DG               Yoruba.DG
32           12730         HGDP00924.DG               Yoruba.DG
33           12731         HGDP00925.DG               Yoruba.DG
34           12732         HGDP00926.DG               Yoruba.DG
35           12733         HGDP00928.DG               Yoruba.DG
36           12734         HGDP00929.DG               Yoruba.DG
37           12735         HGDP00930.DG               Yoruba.DG
38           12736         HGDP00931.DG               Yoruba.DG
39           12737         HGDP00932.DG               Yoruba.DG
40           12738         HGDP00933.DG               Yoruba.DG
41           12739         HGDP00934.DG               Yoruba.DG
42           12740         HGDP00935.DG               Yoruba.DG
43           12741         HGDP00936.DG               Yoruba.DG
44           12742         HGDP00937.DG               Yoruba.DG
45           12743         HGDP00938.DG               Yoruba.DG
46           12744         HGDP00939.DG               Yoruba.DG
47           12745         HGDP00940.DG               Yoruba.DG
48           12746         HGDP00941.DG               Yoruba.DG
49           12747         HGDP00942.DG               Yoruba.DG
50           12748         HGDP00943.DG               Yoruba.DG
51           12749         HGDP00944.DG               Yoruba.DG
52           12643     Vindija_snpAD.DG  Vindija_Neanderthal.DG
53             203  AltaiNeanderthal.DG    Altai_Neanderthal.DG
54             210         Ancestor.REF            Ancestor.REF
_________________________________________________
Sequence lengths:
1: 249.21 Mbp
2: 243.04 Mbp
3: 197.84 Mbp
4: 190.9 Mbp
5: 180.69 Mbp
6: 170.91 Mbp
7: 159.12 Mbp
8: 146.3 Mbp
9: 141.04 Mbp
10: 135.43 Mbp
11: 134.94 Mbp
12: 133.84 Mbp
13: 115.1 Mbp
14: 107.29 Mbp
15: 102.4 Mbp
16: 90.15 Mbp
17: 81.04 Mbp
18: 78.02 Mbp
19: 59.09 Mbp
20: 62.91 Mbp
21: 48.1 Mbp
22: 51.18 Mbp
=========================
2878.54 Mbp (2878536972 bp)

Unit of genetic pos:   Morgans
Reading done.

Polarizing alleles according to ancestral reference:
   Removed:   15638   (1.4%)
   Polarized: 1135001   (98.6%)

Removing SNPs having missing genotypes:
   Removed:   264109   (23.3%)
   Retained:  870892   (76.7%)

Not subsetting sites.

Proportion of MAC-informed SNPs accepted:     86.4%
Nb diploids for AFS:   1
Block size (#SNPs):    1512
Number of blocks:      575

____F4-ratio____

____LD____
