v18.0
allel: 1.3.5


____SUMMARY STATISTICS___

Parameter file:        /home/rtournebize/gitdir/THOT/qian/Final.Avvaiyar/further/stats.spar
Input prefix:          /home/rtournebize/data/v54.1.1240K/unbinarized/v54.1_1240K_public
Output prefix:         /home/rtournebize/gitdir/THOT/qian/Final.Avvaiyar/further/obs/stats_aDNA/Russia_Yana_old2_UP.SG
Sequences to analyze:  1 2 3 4 5 6 7 8 9 10 11 12 13 14 15 16 17 18 19 20 21 22
YRI idx:               12726 12727 12728 12729 12730 12731 12732 12733 12734 12735 12736 12737 12738 12739 12740 12741 12742 12743 12744 12745 12746 12747 12748 12749
CEU idx:               10123
Vindija idx:           12643
Altai idx:             203
Ancestral idx:         210
Pseudodiploid for D:   NO
Seed:                  42
Calculating SEs:       True
Block length:          5000kb
Software directory:    /home/rtournebize/bin
Ascertained Fst:       False
Assume no NA:          False
Remove SNPs with NA:   True

[anc:=0] [na:=9]
_________________________________________________

   0.Index.IndFile   SampleName.IndFile              Population
0            10123   Yana_old2_noUDG.SG  Russia_Yana_old2_UP.SG
1            12726        S_Yoruba-1.DG               Yoruba.DG
2            12727        S_Yoruba-2.DG               Yoruba.DG
3            12728        B_Yoruba-3.DG               Yoruba.DG
4            12729         HGDP00920.DG               Yoruba.DG
5            12730         HGDP00924.DG               Yoruba.DG
6            12731         HGDP00925.DG               Yoruba.DG
7            12732         HGDP00926.DG               Yoruba.DG
8            12733         HGDP00928.DG               Yoruba.DG
9            12734         HGDP00929.DG               Yoruba.DG
10           12735         HGDP00930.DG               Yoruba.DG
11           12736         HGDP00931.DG               Yoruba.DG
12           12737         HGDP00932.DG               Yoruba.DG
13           12738         HGDP00933.DG               Yoruba.DG
14           12739         HGDP00934.DG               Yoruba.DG
15           12740         HGDP00935.DG               Yoruba.DG
16           12741         HGDP00936.DG               Yoruba.DG
17           12742         HGDP00937.DG               Yoruba.DG
18           12743         HGDP00938.DG               Yoruba.DG
19           12744         HGDP00939.DG               Yoruba.DG
20           12745         HGDP00940.DG               Yoruba.DG
21           12746         HGDP00941.DG               Yoruba.DG
22           12747         HGDP00942.DG               Yoruba.DG
23           12748         HGDP00943.DG               Yoruba.DG
24           12749         HGDP00944.DG               Yoruba.DG
25           12643     Vindija_snpAD.DG  Vindija_Neanderthal.DG
26             203  AltaiNeanderthal.DG    Altai_Neanderthal.DG
27             210         Ancestor.REF            Ancestor.REF
_________________________________________________
Sequence lengths:
1: 249.21 Mbp
2: 243.04 Mbp
3: 197.84 Mbp
4: 190.9 Mbp
5: 180.69 Mbp
6: 170.91 Mbp
7: 159.12 Mbp
8: 146.3 Mbp
9: 141.04 Mbp
10: 135.43 Mbp
11: 134.94 Mbp
12: 133.84 Mbp
13: 115.1 Mbp
14: 107.29 Mbp
15: 102.4 Mbp
16: 90.15 Mbp
17: 81.04 Mbp
18: 78.02 Mbp
19: 59.09 Mbp
20: 62.91 Mbp
21: 48.1 Mbp
22: 51.18 Mbp
=========================
2878.54 Mbp (2878536972 bp)

Unit of genetic pos:   Morgans
Reading done.

Polarizing alleles according to ancestral reference:
   Removed:   15638   (1.4%)
   Polarized: 1135001   (98.6%)

Removing SNPs having missing genotypes:
   Removed:   180975   (15.9%)
   Retained:  954026   (84.1%)

Not subsetting sites.

Proportion of MAC-informed SNPs accepted:     76.2%
Nb diploids for AFS:   1
Block size (#SNPs):    1657
Number of blocks:      575

____F4-ratio____

____LD____
*** SINGLE-SAMPLE MODE ***
In this mode, the MAC-downsampling cannot be performed and was therefore set to NO.
Pseudodiploid for LD:             NO
MAC-sensitive SNP-downsampling:   NO
Start (cM):                       0.02
End (cM):                         1.0
Step (cM):                        0.001
Ascertainment mode:               Moorjani_0

____End____
Analyzed:   /home/rtournebize/data/v54.1.1240K/unbinarized/v54.1_1240K_public
Output:     /home/rtournebize/gitdir/THOT/qian/Final.Avvaiyar/further/obs/stats_aDNA/Russia_Yana_old2_UP.SG
1.2 min

